2025-02-05 21:00:58.184 [info] Reading sessions from keychain...
2025-02-05 21:00:58.184 [info] Getting sessions for all scopes...
2025-02-05 21:00:58.184 [info] Getting sessions for all scopes...
2025-02-05 21:00:58.184 [info] Getting sessions for all scopes...
2025-02-05 21:00:58.184 [info] Getting sessions for all scopes...
2025-02-05 21:00:58.184 [info] Getting sessions for all scopes...
2025-02-05 21:00:58.184 [info] Getting sessions for all scopes...
2025-02-05 21:00:58.184 [info] Getting sessions for all scopes...
2025-02-05 21:00:58.184 [info] Getting sessions for all scopes...
2025-02-05 21:00:58.243 [info] Got stored sessions!
2025-02-05 21:00:58.243 [info] Got 3 verified sessions.
2025-02-05 21:00:58.243 [info] Got 3 sessions for ...
2025-02-05 21:00:58.243 [info] Got 3 sessions for ...
2025-02-05 21:00:58.243 [info] Got 3 sessions for ...
2025-02-05 21:00:58.243 [info] Got 3 sessions for ...
2025-02-05 21:00:58.243 [info] Got 3 sessions for ...
2025-02-05 21:00:58.243 [info] Got 3 sessions for ...
2025-02-05 21:00:58.243 [info] Got 3 sessions for ...
2025-02-05 21:00:58.243 [info] Got 3 sessions for ...
2025-02-05 21:00:59.762 [info] Getting sessions for all scopes...
2025-02-05 21:00:59.762 [info] Got 3 sessions for ...
2025-02-05 21:01:01.421 [info] Getting sessions for read:user,repo,user:email,workflow...
2025-02-05 21:01:01.421 [info] Got 0 sessions for read:user,repo,user:email,workflow...
2025-02-05 21:01:01.484 [info] Getting sessions for all scopes...
2025-02-05 21:01:01.484 [info] Got 3 sessions for ...
2025-02-05 21:01:01.484 [info] Getting sessions for all scopes...
2025-02-05 21:01:01.484 [info] Got 3 sessions for ...
2025-02-05 21:01:01.741 [info] Getting sessions for read:user...
2025-02-05 21:01:01.741 [info] Got 0 sessions for read:user...
2025-02-05 21:01:01.755 [info] Getting sessions for read:user,repo,user:email,workflow...
2025-02-05 21:01:01.755 [info] Got 0 sessions for read:user,repo,user:email,workflow...
2025-02-05 21:01:01.890 [info] Getting sessions for user:email...
2025-02-05 21:01:01.890 [info] Got 1 sessions for user:email...
2025-02-05 21:01:01.890 [info] Getting sessions for user:email...
2025-02-05 21:01:01.890 [info] Got 1 sessions for user:email...
2025-02-05 21:01:02.172 [info] Getting sessions for all scopes...
2025-02-05 21:01:02.172 [info] Got 3 sessions for ...
2025-02-05 21:01:02.172 [info] Getting sessions for all scopes...
2025-02-05 21:01:02.172 [info] Got 3 sessions for ...
2025-02-05 21:01:02.382 [info] Getting sessions for read:user,repo,user:email,workflow...
2025-02-05 21:01:02.382 [info] Got 0 sessions for read:user,repo,user:email,workflow...
2025-02-05 21:01:02.443 [info] Getting sessions for user:email...
2025-02-05 21:01:02.444 [info] Got 1 sessions for user:email...
2025-02-05 21:01:05.054 [info] Getting sessions for read:user,repo,user:email,workflow...
2025-02-05 21:01:05.054 [info] Got 0 sessions for read:user,repo,user:email,workflow...
2025-02-05 21:01:05.253 [info] Getting sessions for all scopes...
2025-02-05 21:01:05.253 [info] Got 3 sessions for ...
2025-02-05 21:01:05.324 [info] Getting sessions for all scopes...
2025-02-05 21:01:05.324 [info] Got 3 sessions for ...
2025-02-05 21:01:05.384 [info] Getting sessions for read:user,repo,user:email,workflow...
2025-02-05 21:01:05.384 [info] Got 0 sessions for read:user,repo,user:email,workflow...
2025-02-05 21:01:05.541 [info] Getting sessions for all scopes...
2025-02-05 21:01:05.541 [info] Got 3 sessions for ...
2025-02-05 21:01:05.612 [info] Getting sessions for read:user,repo,user:email,workflow...
2025-02-05 21:01:05.612 [info] Got 0 sessions for read:user,repo,user:email,workflow...
2025-02-05 21:01:05.649 [info] Getting sessions for user:email...
2025-02-05 21:01:05.649 [info] Got 1 sessions for user:email...
