2025-02-05 21:03:21.414 [info] Reading sessions from keychain...
2025-02-05 21:03:21.414 [info] Getting sessions for all scopes...
2025-02-05 21:03:21.414 [info] Getting sessions for all scopes...
2025-02-05 21:03:21.414 [info] Getting sessions for all scopes...
2025-02-05 21:03:21.414 [info] Getting sessions for all scopes...
2025-02-05 21:03:21.414 [info] Getting sessions for all scopes...
2025-02-05 21:03:21.414 [info] Getting sessions for all scopes...
2025-02-05 21:03:21.414 [info] Getting sessions for all scopes...
2025-02-05 21:03:21.414 [info] Getting sessions for all scopes...
2025-02-05 21:03:21.457 [info] Got stored sessions!
2025-02-05 21:03:21.457 [info] Got 3 verified sessions.
2025-02-05 21:03:21.457 [info] Got 3 sessions for ...
2025-02-05 21:03:21.457 [info] Got 3 sessions for ...
2025-02-05 21:03:21.457 [info] Got 3 sessions for ...
2025-02-05 21:03:21.457 [info] Got 3 sessions for ...
2025-02-05 21:03:21.457 [info] Got 3 sessions for ...
2025-02-05 21:03:21.457 [info] Got 3 sessions for ...
2025-02-05 21:03:21.457 [info] Got 3 sessions for ...
2025-02-05 21:03:21.457 [info] Got 3 sessions for ...
2025-02-05 21:03:23.254 [info] Getting sessions for all scopes...
2025-02-05 21:03:23.254 [info] Got 3 sessions for ...
2025-02-05 21:03:25.227 [info] Getting sessions for read:user,repo,user:email,workflow...
2025-02-05 21:03:25.227 [info] Got 0 sessions for read:user,repo,user:email,workflow...
2025-02-05 21:03:25.227 [info] Getting sessions for all scopes...
2025-02-05 21:03:25.227 [info] Got 3 sessions for ...
2025-02-05 21:03:25.227 [info] Getting sessions for all scopes...
2025-02-05 21:03:25.227 [info] Got 3 sessions for ...
2025-02-05 21:03:25.434 [info] Getting sessions for read:user...
2025-02-05 21:03:25.434 [info] Got 0 sessions for read:user...
2025-02-05 21:03:25.434 [info] Getting sessions for read:user,repo,user:email,workflow...
2025-02-05 21:03:25.434 [info] Got 0 sessions for read:user,repo,user:email,workflow...
2025-02-05 21:03:25.554 [info] Getting sessions for user:email...
2025-02-05 21:03:25.554 [info] Got 1 sessions for user:email...
2025-02-05 21:03:25.555 [info] Getting sessions for user:email...
2025-02-05 21:03:25.555 [info] Got 1 sessions for user:email...
2025-02-05 21:03:25.974 [info] Getting sessions for all scopes...
2025-02-05 21:03:25.974 [info] Got 3 sessions for ...
2025-02-05 21:03:25.975 [info] Getting sessions for all scopes...
2025-02-05 21:03:25.975 [info] Got 3 sessions for ...
2025-02-05 21:03:26.083 [info] Getting sessions for read:user,repo,user:email,workflow...
2025-02-05 21:03:26.083 [info] Got 0 sessions for read:user,repo,user:email,workflow...
2025-02-05 21:03:26.163 [info] Getting sessions for user:email...
2025-02-05 21:03:26.163 [info] Got 1 sessions for user:email...
2025-02-05 21:03:27.553 [info] Getting sessions for read:user,repo,user:email,workflow...
2025-02-05 21:03:27.553 [info] Got 0 sessions for read:user,repo,user:email,workflow...
2025-02-05 21:03:27.814 [info] Getting sessions for all scopes...
2025-02-05 21:03:27.814 [info] Got 3 sessions for ...
2025-02-05 21:03:27.831 [info] Getting sessions for all scopes...
2025-02-05 21:03:27.831 [info] Got 3 sessions for ...
2025-02-05 21:03:28.018 [info] Getting sessions for read:user,repo,user:email,workflow...
2025-02-05 21:03:28.018 [info] Got 0 sessions for read:user,repo,user:email,workflow...
2025-02-05 21:03:28.113 [info] Getting sessions for all scopes...
2025-02-05 21:03:28.113 [info] Got 3 sessions for ...
2025-02-05 21:03:28.178 [info] Getting sessions for read:user,repo,user:email,workflow...
2025-02-05 21:03:28.178 [info] Got 0 sessions for read:user,repo,user:email,workflow...
2025-02-05 21:03:28.210 [info] Getting sessions for user:email...
2025-02-05 21:03:28.210 [info] Got 1 sessions for user:email...
