2025-02-05 21:28:58.751 [info] Acquired MSAL enablement value from default. Value: false
2025-02-05 21:29:02.177 [info] Getting sessions for all scopes...
2025-02-05 21:29:02.177 [info] Got 3 sessions for all scopes...
2025-02-05 21:29:02.178 [info] Getting sessions for all scopes...
2025-02-05 21:29:02.178 [info] Got 3 sessions for all scopes...
2025-02-05 21:29:02.178 [info]  for undefined
2025-02-05 21:29:02.178 [info] [email offline_access openid profile] Got 2 sessions
2025-02-05 21:38:25.118 [info]  for undefined
2025-02-05 21:38:25.118 [info] [46da2f7e-b5ef-422a-88d4-2a7f9de6a0b2/.default email offline_access openid profile] Got 1 sessions
2025-02-05 21:38:25.127 [info]  for undefined
2025-02-05 21:38:25.127 [info] [46da2f7e-b5ef-422a-88d4-2a7f9de6a0b2/.default email offline_access openid profile] Got 1 sessions
2025-02-05 21:46:37.397 [info]  for undefined
2025-02-05 21:46:37.397 [info] [email offline_access openid profile] Got 2 sessions
2025-02-05 22:07:39.704 [info] Acquired MSAL enablement value from default. Value: false
2025-02-05 22:07:42.413 [info] Getting sessions for all scopes...
2025-02-05 22:07:42.413 [info] Got 3 sessions for all scopes...
2025-02-05 22:07:42.414 [info] Getting sessions for all scopes...
2025-02-05 22:07:42.414 [info] Got 3 sessions for all scopes...
2025-02-05 22:07:42.414 [info]  for undefined
2025-02-05 22:07:42.414 [info] [email offline_access openid profile] Got 2 sessions
2025-02-05 22:09:17.892 [info] Acquired MSAL enablement value from default. Value: false
2025-02-05 22:09:21.031 [info] Getting sessions for all scopes...
2025-02-05 22:09:21.031 [info] Got 3 sessions for all scopes...
2025-02-05 22:09:21.031 [info] Getting sessions for all scopes...
2025-02-05 22:09:21.031 [info] Got 3 sessions for all scopes...
2025-02-05 22:09:21.031 [info]  for undefined
2025-02-05 22:09:21.031 [info] [email offline_access openid profile] Got 2 sessions
