2025-02-05 20:56:03.353 [info] Reading sessions from keychain...
2025-02-05 20:56:03.353 [info] Getting sessions for all scopes...
2025-02-05 20:56:03.353 [info] Getting sessions for all scopes...
2025-02-05 20:56:03.353 [info] Getting sessions for all scopes...
2025-02-05 20:56:03.353 [info] Getting sessions for all scopes...
2025-02-05 20:56:03.353 [info] Getting sessions for all scopes...
2025-02-05 20:56:03.353 [info] Getting sessions for all scopes...
2025-02-05 20:56:03.353 [info] Getting sessions for all scopes...
2025-02-05 20:56:03.353 [info] Getting sessions for all scopes...
2025-02-05 20:56:03.426 [info] Got stored sessions!
2025-02-05 20:56:03.426 [info] Got 3 verified sessions.
2025-02-05 20:56:03.426 [info] Got 3 sessions for ...
2025-02-05 20:56:03.426 [info] Got 3 sessions for ...
2025-02-05 20:56:03.426 [info] Got 3 sessions for ...
2025-02-05 20:56:03.426 [info] Got 3 sessions for ...
2025-02-05 20:56:03.426 [info] Got 3 sessions for ...
2025-02-05 20:56:03.426 [info] Got 3 sessions for ...
2025-02-05 20:56:03.426 [info] Got 3 sessions for ...
2025-02-05 20:56:03.426 [info] Got 3 sessions for ...
2025-02-05 20:56:04.772 [info] Getting sessions for all scopes...
2025-02-05 20:56:04.772 [info] Got 3 sessions for ...
2025-02-05 20:56:06.052 [info] Getting sessions for read:user,repo,user:email,workflow...
2025-02-05 20:56:06.052 [info] Got 0 sessions for read:user,repo,user:email,workflow...
2025-02-05 20:56:06.088 [info] Getting sessions for all scopes...
2025-02-05 20:56:06.088 [info] Got 3 sessions for ...
2025-02-05 20:56:06.088 [info] Getting sessions for all scopes...
2025-02-05 20:56:06.088 [info] Got 3 sessions for ...
2025-02-05 20:56:06.127 [info] Getting sessions for read:user...
2025-02-05 20:56:06.127 [info] Got 0 sessions for read:user...
2025-02-05 20:56:06.213 [info] Getting sessions for read:user,repo,user:email,workflow...
2025-02-05 20:56:06.213 [info] Got 0 sessions for read:user,repo,user:email,workflow...
2025-02-05 20:56:06.270 [info] Getting sessions for user:email...
2025-02-05 20:56:06.270 [info] Got 1 sessions for user:email...
2025-02-05 20:56:06.335 [info] Getting sessions for user:email...
2025-02-05 20:56:06.335 [info] Got 1 sessions for user:email...
2025-02-05 20:56:06.445 [info] Getting sessions for all scopes...
2025-02-05 20:56:06.445 [info] Got 3 sessions for ...
2025-02-05 20:56:06.492 [info] Getting sessions for read:user,repo,user:email,workflow...
2025-02-05 20:56:06.492 [info] Got 0 sessions for read:user,repo,user:email,workflow...
2025-02-05 20:56:06.703 [info] Getting sessions for user:email...
2025-02-05 20:56:06.703 [info] Got 1 sessions for user:email...
2025-02-05 20:56:06.793 [info] Getting sessions for all scopes...
2025-02-05 20:56:06.793 [info] Got 3 sessions for ...
2025-02-05 20:56:06.829 [info] Getting sessions for read:user,repo,user:email,workflow...
2025-02-05 20:56:06.829 [info] Got 0 sessions for read:user,repo,user:email,workflow...
2025-02-05 20:56:06.897 [info] Getting sessions for user:email...
2025-02-05 20:56:06.897 [info] Got 1 sessions for user:email...
2025-02-05 20:56:09.668 [info] Getting sessions for read:user,repo,user:email,workflow...
2025-02-05 20:56:09.668 [info] Got 0 sessions for read:user,repo,user:email,workflow...
2025-02-05 20:56:10.085 [info] Getting sessions for all scopes...
2025-02-05 20:56:10.085 [info] Got 3 sessions for ...
2025-02-05 20:56:10.296 [info] Getting sessions for read:user,repo,user:email,workflow...
2025-02-05 20:56:10.296 [info] Got 0 sessions for read:user,repo,user:email,workflow...
2025-02-05 20:56:10.296 [info] Getting sessions for all scopes...
2025-02-05 20:56:10.296 [info] Got 3 sessions for ...
2025-02-05 20:56:10.457 [info] Getting sessions for all scopes...
2025-02-05 20:56:10.457 [info] Got 3 sessions for ...
2025-02-05 20:56:10.547 [info] Getting sessions for read:user,repo,user:email,workflow...
2025-02-05 20:56:10.547 [info] Got 0 sessions for read:user,repo,user:email,workflow...
2025-02-05 20:56:10.583 [info] Getting sessions for user:email...
2025-02-05 20:56:10.583 [info] Got 1 sessions for user:email...
