2025-02-05 21:28:56.445 [info] Reading sessions from keychain...
2025-02-05 21:28:56.445 [info] Getting sessions for all scopes...
2025-02-05 21:28:56.445 [info] Getting sessions for all scopes...
2025-02-05 21:28:56.445 [info] Getting sessions for all scopes...
2025-02-05 21:28:56.445 [info] Getting sessions for all scopes...
2025-02-05 21:28:56.445 [info] Getting sessions for all scopes...
2025-02-05 21:28:56.445 [info] Getting sessions for all scopes...
2025-02-05 21:28:56.445 [info] Getting sessions for all scopes...
2025-02-05 21:28:56.445 [info] Getting sessions for all scopes...
2025-02-05 21:28:56.445 [info] Got stored sessions!
2025-02-05 21:28:56.445 [info] Got 3 verified sessions.
2025-02-05 21:28:56.445 [info] Got 3 sessions for ...
2025-02-05 21:28:56.445 [info] Got 3 sessions for ...
2025-02-05 21:28:56.445 [info] Got 3 sessions for ...
2025-02-05 21:28:56.445 [info] Got 3 sessions for ...
2025-02-05 21:28:56.445 [info] Got 3 sessions for ...
2025-02-05 21:28:56.445 [info] Got 3 sessions for ...
2025-02-05 21:28:56.445 [info] Got 3 sessions for ...
2025-02-05 21:28:56.445 [info] Got 3 sessions for ...
2025-02-05 21:28:57.653 [info] Getting sessions for all scopes...
2025-02-05 21:28:57.653 [info] Got 3 sessions for ...
2025-02-05 21:28:58.733 [info] Getting sessions for read:user,repo,user:email,workflow...
2025-02-05 21:28:58.733 [info] Got 0 sessions for read:user,repo,user:email,workflow...
2025-02-05 21:28:58.733 [info] Getting sessions for all scopes...
2025-02-05 21:28:58.733 [info] Got 3 sessions for ...
2025-02-05 21:28:58.733 [info] Getting sessions for all scopes...
2025-02-05 21:28:58.733 [info] Got 3 sessions for ...
2025-02-05 21:28:58.783 [info] Getting sessions for read:user...
2025-02-05 21:28:58.783 [info] Got 0 sessions for read:user...
2025-02-05 21:28:58.826 [info] Getting sessions for read:user,repo,user:email,workflow...
2025-02-05 21:28:58.826 [info] Got 0 sessions for read:user,repo,user:email,workflow...
2025-02-05 21:28:58.885 [info] Getting sessions for user:email...
2025-02-05 21:28:58.885 [info] Got 1 sessions for user:email...
2025-02-05 21:28:58.921 [info] Getting sessions for user:email...
2025-02-05 21:28:58.922 [info] Got 1 sessions for user:email...
2025-02-05 21:28:58.989 [info] Getting sessions for all scopes...
2025-02-05 21:28:58.989 [info] Got 3 sessions for ...
2025-02-05 21:28:59.098 [info] Getting sessions for read:user,repo,user:email,workflow...
2025-02-05 21:28:59.098 [info] Got 0 sessions for read:user,repo,user:email,workflow...
2025-02-05 21:28:59.191 [info] Getting sessions for user:email...
2025-02-05 21:28:59.191 [info] Got 1 sessions for user:email...
2025-02-05 21:28:59.318 [info] Getting sessions for all scopes...
2025-02-05 21:28:59.318 [info] Got 3 sessions for ...
2025-02-05 21:28:59.366 [info] Getting sessions for read:user,repo,user:email,workflow...
2025-02-05 21:28:59.366 [info] Got 0 sessions for read:user,repo,user:email,workflow...
2025-02-05 21:28:59.384 [info] Getting sessions for user:email...
2025-02-05 21:28:59.384 [info] Got 1 sessions for user:email...
2025-02-05 21:29:01.236 [info] Getting sessions for read:user,repo,user:email,workflow...
2025-02-05 21:29:01.236 [info] Got 0 sessions for read:user,repo,user:email,workflow...
2025-02-05 21:29:01.501 [info] Getting sessions for all scopes...
2025-02-05 21:29:01.501 [info] Got 3 sessions for ...
2025-02-05 21:29:01.587 [info] Getting sessions for read:user,repo,user:email,workflow...
2025-02-05 21:29:01.587 [info] Got 0 sessions for read:user,repo,user:email,workflow...
2025-02-05 21:29:01.691 [info] Getting sessions for all scopes...
2025-02-05 21:29:01.691 [info] Got 3 sessions for ...
2025-02-05 21:29:01.769 [info] Getting sessions for all scopes...
2025-02-05 21:29:01.769 [info] Got 3 sessions for ...
2025-02-05 21:29:01.876 [info] Getting sessions for read:user,repo,user:email,workflow...
2025-02-05 21:29:01.876 [info] Got 0 sessions for read:user,repo,user:email,workflow...
2025-02-05 21:29:01.959 [info] Getting sessions for user:email...
2025-02-05 21:29:01.959 [info] Got 1 sessions for user:email...
2025-02-05 21:30:21.035 [info] Getting sessions for gist,user:email...
2025-02-05 21:30:21.035 [info] Got 1 sessions for gist,user:email...
2025-02-05 21:37:00.419 [info] Getting sessions for read:user,repo,user:email,workflow...
2025-02-05 21:37:00.420 [info] Got 0 sessions for read:user,repo,user:email,workflow...
2025-02-05 21:37:00.710 [info] Getting sessions for all scopes...
2025-02-05 21:37:00.710 [info] Got 3 sessions for ...
2025-02-05 21:37:00.853 [info] Getting sessions for read:user,repo,user:email,workflow...
2025-02-05 21:37:00.853 [info] Got 0 sessions for read:user,repo,user:email,workflow...
2025-02-05 21:37:00.854 [info] Getting sessions for all scopes...
2025-02-05 21:37:00.854 [info] Got 3 sessions for ...
2025-02-05 21:37:00.855 [info] Getting sessions for read:user,repo,user:email,workflow...
2025-02-05 21:37:00.855 [info] Got 0 sessions for read:user,repo,user:email,workflow...
2025-02-05 21:37:00.855 [info] Getting sessions for user:email...
2025-02-05 21:37:00.855 [info] Got 1 sessions for user:email...
2025-02-05 21:38:25.119 [info] Getting sessions for read:org,user:email...
2025-02-05 21:38:25.119 [info] Got 0 sessions for read:org,user:email...
2025-02-05 21:44:00.283 [info] Getting sessions for all scopes...
2025-02-05 21:44:00.283 [info] Got 3 sessions for ...
2025-02-05 21:44:00.283 [info] Getting sessions for read:user,repo,user:email,workflow...
2025-02-05 21:44:00.283 [info] Got 0 sessions for read:user,repo,user:email,workflow...
2025-02-05 21:44:00.284 [info] Getting sessions for user:email...
2025-02-05 21:44:00.284 [info] Got 1 sessions for user:email...
2025-02-05 21:44:00.285 [info] Getting sessions for all scopes...
2025-02-05 21:44:00.285 [info] Got 3 sessions for ...
2025-02-05 21:44:00.285 [info] Getting sessions for read:user,repo,user:email,workflow...
2025-02-05 21:44:00.285 [info] Got 0 sessions for read:user,repo,user:email,workflow...
2025-02-05 21:44:00.285 [info] Getting sessions for user:email...
2025-02-05 21:44:00.285 [info] Got 1 sessions for user:email...
2025-02-05 21:46:37.447 [info] Getting sessions for user:email...
2025-02-05 21:46:37.447 [info] Got 1 sessions for user:email...
2025-02-05 21:59:00.871 [info] Getting sessions for all scopes...
2025-02-05 21:59:00.872 [info] Got 3 sessions for ...
2025-02-05 21:59:00.873 [info] Getting sessions for read:user,repo,user:email,workflow...
2025-02-05 21:59:00.873 [info] Got 0 sessions for read:user,repo,user:email,workflow...
2025-02-05 21:59:00.873 [info] Getting sessions for user:email...
2025-02-05 21:59:00.873 [info] Got 1 sessions for user:email...
2025-02-05 21:59:00.874 [info] Getting sessions for all scopes...
2025-02-05 21:59:00.874 [info] Got 3 sessions for ...
2025-02-05 21:59:00.875 [info] Getting sessions for read:user,repo,user:email,workflow...
2025-02-05 21:59:00.875 [info] Got 0 sessions for read:user,repo,user:email,workflow...
2025-02-05 21:59:00.875 [info] Getting sessions for user:email...
2025-02-05 21:59:00.875 [info] Got 1 sessions for user:email...
2025-02-05 22:07:38.091 [info] Reading sessions from keychain...
2025-02-05 22:07:38.091 [info] Getting sessions for all scopes...
2025-02-05 22:07:38.091 [info] Getting sessions for all scopes...
2025-02-05 22:07:38.091 [info] Getting sessions for all scopes...
2025-02-05 22:07:38.091 [info] Got stored sessions!
2025-02-05 22:07:38.091 [info] Got 3 verified sessions.
2025-02-05 22:07:38.091 [info] Got 3 sessions for ...
2025-02-05 22:07:38.091 [info] Got 3 sessions for ...
2025-02-05 22:07:38.091 [info] Got 3 sessions for ...
2025-02-05 22:07:38.091 [info] Getting sessions for read:org,user:email...
2025-02-05 22:07:38.091 [info] Got 0 sessions for read:org,user:email...
2025-02-05 22:07:39.688 [info] Getting sessions for read:user,repo,user:email,workflow...
2025-02-05 22:07:39.688 [info] Got 0 sessions for read:user,repo,user:email,workflow...
2025-02-05 22:07:39.688 [info] Getting sessions for all scopes...
2025-02-05 22:07:39.688 [info] Got 3 sessions for ...
2025-02-05 22:07:39.688 [info] Getting sessions for all scopes...
2025-02-05 22:07:39.688 [info] Got 3 sessions for ...
2025-02-05 22:07:39.737 [info] Getting sessions for read:user...
2025-02-05 22:07:39.737 [info] Got 0 sessions for read:user...
2025-02-05 22:07:39.737 [info] Getting sessions for read:user,repo,user:email,workflow...
2025-02-05 22:07:39.737 [info] Got 0 sessions for read:user,repo,user:email,workflow...
2025-02-05 22:07:39.739 [info] Getting sessions for user:email...
2025-02-05 22:07:39.739 [info] Got 1 sessions for user:email...
2025-02-05 22:07:39.739 [info] Getting sessions for user:email...
2025-02-05 22:07:39.739 [info] Got 1 sessions for user:email...
2025-02-05 22:07:40.422 [info] Getting sessions for all scopes...
2025-02-05 22:07:40.422 [info] Got 3 sessions for ...
2025-02-05 22:07:40.492 [info] Getting sessions for all scopes...
2025-02-05 22:07:40.492 [info] Got 3 sessions for ...
2025-02-05 22:07:40.493 [info] Getting sessions for read:user,repo,user:email,workflow...
2025-02-05 22:07:40.493 [info] Got 0 sessions for read:user,repo,user:email,workflow...
2025-02-05 22:07:40.497 [info] Getting sessions for user:email...
2025-02-05 22:07:40.497 [info] Got 1 sessions for user:email...
2025-02-05 22:07:40.498 [info] Getting sessions for all scopes...
2025-02-05 22:07:40.498 [info] Got 3 sessions for ...
2025-02-05 22:07:40.498 [info] Getting sessions for read:user,repo,user:email,workflow...
2025-02-05 22:07:40.498 [info] Got 0 sessions for read:user,repo,user:email,workflow...
2025-02-05 22:07:40.499 [info] Getting sessions for user:email...
2025-02-05 22:07:40.499 [info] Got 1 sessions for user:email...
2025-02-05 22:07:40.577 [info] Getting sessions for all scopes...
2025-02-05 22:07:40.577 [info] Got 3 sessions for ...
2025-02-05 22:07:40.578 [info] Getting sessions for read:user,repo,user:email,workflow...
2025-02-05 22:07:40.578 [info] Got 0 sessions for read:user,repo,user:email,workflow...
2025-02-05 22:07:40.579 [info] Getting sessions for user:email...
2025-02-05 22:07:40.579 [info] Got 1 sessions for user:email...
2025-02-05 22:09:16.405 [info] Reading sessions from keychain...
2025-02-05 22:09:16.405 [info] Getting sessions for all scopes...
2025-02-05 22:09:16.405 [info] Getting sessions for all scopes...
2025-02-05 22:09:16.405 [info] Getting sessions for all scopes...
2025-02-05 22:09:16.405 [info] Got stored sessions!
2025-02-05 22:09:16.405 [info] Got 3 verified sessions.
2025-02-05 22:09:16.405 [info] Got 3 sessions for ...
2025-02-05 22:09:16.405 [info] Got 3 sessions for ...
2025-02-05 22:09:16.405 [info] Got 3 sessions for ...
2025-02-05 22:09:16.405 [info] Getting sessions for read:org,user:email...
2025-02-05 22:09:16.406 [info] Got 0 sessions for read:org,user:email...
2025-02-05 22:09:18.040 [info] Getting sessions for read:user,repo,user:email,workflow...
2025-02-05 22:09:18.040 [info] Got 0 sessions for read:user,repo,user:email,workflow...
2025-02-05 22:09:18.040 [info] Getting sessions for all scopes...
2025-02-05 22:09:18.040 [info] Got 3 sessions for ...
2025-02-05 22:09:18.040 [info] Getting sessions for all scopes...
2025-02-05 22:09:18.040 [info] Got 3 sessions for ...
2025-02-05 22:09:18.187 [info] Getting sessions for read:user,repo,user:email,workflow...
2025-02-05 22:09:18.187 [info] Got 0 sessions for read:user,repo,user:email,workflow...
2025-02-05 22:09:18.187 [info] Getting sessions for read:user...
2025-02-05 22:09:18.187 [info] Got 0 sessions for read:user...
2025-02-05 22:09:18.187 [info] Getting sessions for read:user,repo,user:email,workflow...
2025-02-05 22:09:18.187 [info] Got 0 sessions for read:user,repo,user:email,workflow...
2025-02-05 22:09:18.262 [info] Getting sessions for user:email...
2025-02-05 22:09:18.262 [info] Got 1 sessions for user:email...
2025-02-05 22:09:18.262 [info] Getting sessions for user:email...
2025-02-05 22:09:18.262 [info] Got 1 sessions for user:email...
2025-02-05 22:09:18.355 [info] Getting sessions for all scopes...
2025-02-05 22:09:18.355 [info] Got 3 sessions for ...
2025-02-05 22:09:18.491 [info] Getting sessions for read:user,repo,user:email,workflow...
2025-02-05 22:09:18.491 [info] Got 0 sessions for read:user,repo,user:email,workflow...
2025-02-05 22:09:18.615 [info] Getting sessions for user:email...
2025-02-05 22:09:18.615 [info] Got 1 sessions for user:email...
2025-02-05 22:09:18.627 [info] Getting sessions for all scopes...
2025-02-05 22:09:18.628 [info] Got 3 sessions for ...
2025-02-05 22:09:18.659 [info] Getting sessions for all scopes...
2025-02-05 22:09:18.660 [info] Got 3 sessions for ...
2025-02-05 22:09:18.660 [info] Getting sessions for read:user,repo,user:email,workflow...
2025-02-05 22:09:18.660 [info] Got 0 sessions for read:user,repo,user:email,workflow...
2025-02-05 22:09:18.691 [info] Getting sessions for user:email...
2025-02-05 22:09:18.691 [info] Got 1 sessions for user:email...
2025-02-05 22:09:18.691 [info] Getting sessions for all scopes...
2025-02-05 22:09:18.691 [info] Got 3 sessions for ...
2025-02-05 22:09:18.719 [info] Getting sessions for read:user,repo,user:email,workflow...
2025-02-05 22:09:18.719 [info] Got 0 sessions for read:user,repo,user:email,workflow...
2025-02-05 22:09:18.758 [info] Getting sessions for user:email...
2025-02-05 22:09:18.758 [info] Got 1 sessions for user:email...
2025-02-05 22:09:20.478 [info] Getting sessions for all scopes...
2025-02-05 22:09:20.478 [info] Got 3 sessions for ...
