2025-02-05 02:23:33.429 [info] Reading sessions from keychain...
2025-02-05 02:23:33.429 [info] Getting sessions for all scopes...
2025-02-05 02:23:33.429 [info] Getting sessions for all scopes...
2025-02-05 02:23:33.429 [info] Getting sessions for all scopes...
2025-02-05 02:23:33.429 [info] Getting sessions for all scopes...
2025-02-05 02:23:33.429 [info] Getting sessions for all scopes...
2025-02-05 02:23:33.429 [info] Getting sessions for all scopes...
2025-02-05 02:23:33.429 [info] Getting sessions for all scopes...
2025-02-05 02:23:33.429 [info] Getting sessions for all scopes...
2025-02-05 02:23:33.429 [info] Got stored sessions!
2025-02-05 02:23:33.429 [info] Got 3 verified sessions.
2025-02-05 02:23:33.429 [info] Got 3 sessions for ...
2025-02-05 02:23:33.429 [info] Got 3 sessions for ...
2025-02-05 02:23:33.429 [info] Got 3 sessions for ...
2025-02-05 02:23:33.429 [info] Got 3 sessions for ...
2025-02-05 02:23:33.429 [info] Got 3 sessions for ...
2025-02-05 02:23:33.429 [info] Got 3 sessions for ...
2025-02-05 02:23:33.429 [info] Got 3 sessions for ...
2025-02-05 02:23:33.429 [info] Got 3 sessions for ...
2025-02-05 02:23:34.982 [info] Getting sessions for all scopes...
2025-02-05 02:23:34.982 [info] Got 3 sessions for ...
