2025-02-05 20:55:11.964 [info] Reading sessions from keychain...
2025-02-05 20:55:11.964 [info] Getting sessions for all scopes...
2025-02-05 20:55:11.964 [info] Getting sessions for all scopes...
2025-02-05 20:55:11.964 [info] Getting sessions for all scopes...
2025-02-05 20:55:11.964 [info] Getting sessions for all scopes...
2025-02-05 20:55:11.964 [info] Getting sessions for all scopes...
2025-02-05 20:55:11.964 [info] Getting sessions for all scopes...
2025-02-05 20:55:11.964 [info] Getting sessions for all scopes...
2025-02-05 20:55:11.964 [info] Getting sessions for all scopes...
2025-02-05 20:55:12.042 [info] Got stored sessions!
2025-02-05 20:55:12.042 [info] Got 3 verified sessions.
2025-02-05 20:55:12.042 [info] Got 3 sessions for ...
2025-02-05 20:55:12.042 [info] Got 3 sessions for ...
2025-02-05 20:55:12.042 [info] Got 3 sessions for ...
2025-02-05 20:55:12.042 [info] Got 3 sessions for ...
2025-02-05 20:55:12.042 [info] Got 3 sessions for ...
2025-02-05 20:55:12.042 [info] Got 3 sessions for ...
2025-02-05 20:55:12.042 [info] Got 3 sessions for ...
2025-02-05 20:55:12.042 [info] Got 3 sessions for ...
2025-02-05 20:55:13.430 [info] Getting sessions for all scopes...
2025-02-05 20:55:13.430 [info] Got 3 sessions for ...
2025-02-05 20:55:14.969 [info] Getting sessions for read:user,repo,user:email,workflow...
2025-02-05 20:55:14.969 [info] Got 0 sessions for read:user,repo,user:email,workflow...
2025-02-05 20:55:15.881 [info] Getting sessions for all scopes...
2025-02-05 20:55:15.881 [info] Got 3 sessions for ...
2025-02-05 20:55:15.881 [info] Getting sessions for all scopes...
2025-02-05 20:55:15.881 [info] Got 3 sessions for ...
2025-02-05 20:55:16.109 [info] Getting sessions for read:user...
2025-02-05 20:55:16.109 [info] Got 0 sessions for read:user...
2025-02-05 20:55:16.143 [info] Getting sessions for read:user,repo,user:email,workflow...
2025-02-05 20:55:16.143 [info] Got 0 sessions for read:user,repo,user:email,workflow...
2025-02-05 20:55:16.274 [info] Getting sessions for user:email...
2025-02-05 20:55:16.274 [info] Got 1 sessions for user:email...
2025-02-05 20:55:16.297 [info] Getting sessions for user:email...
2025-02-05 20:55:16.297 [info] Got 1 sessions for user:email...
2025-02-05 20:55:16.511 [info] Getting sessions for all scopes...
2025-02-05 20:55:16.511 [info] Got 3 sessions for ...
2025-02-05 20:55:16.512 [info] Getting sessions for all scopes...
2025-02-05 20:55:16.512 [info] Got 3 sessions for ...
2025-02-05 20:55:16.853 [info] Getting sessions for read:user,repo,user:email,workflow...
2025-02-05 20:55:16.853 [info] Got 0 sessions for read:user,repo,user:email,workflow...
2025-02-05 20:55:16.913 [info] Getting sessions for user:email...
2025-02-05 20:55:16.913 [info] Got 1 sessions for user:email...
2025-02-05 20:55:18.435 [info] Getting sessions for read:user,repo,user:email,workflow...
2025-02-05 20:55:18.435 [info] Got 0 sessions for read:user,repo,user:email,workflow...
2025-02-05 20:55:18.596 [info] Getting sessions for all scopes...
2025-02-05 20:55:18.596 [info] Got 3 sessions for ...
2025-02-05 20:55:18.679 [info] Getting sessions for read:user,repo,user:email,workflow...
2025-02-05 20:55:18.679 [info] Got 0 sessions for read:user,repo,user:email,workflow...
2025-02-05 20:55:18.784 [info] Getting sessions for all scopes...
2025-02-05 20:55:18.785 [info] Got 3 sessions for ...
2025-02-05 20:55:18.856 [info] Getting sessions for read:user,repo,user:email,workflow...
2025-02-05 20:55:18.856 [info] Got 0 sessions for read:user,repo,user:email,workflow...
2025-02-05 20:55:18.909 [info] Getting sessions for user:email...
2025-02-05 20:55:18.909 [info] Got 1 sessions for user:email...
2025-02-05 20:55:20.108 [info] Getting sessions for all scopes...
2025-02-05 20:55:20.108 [info] Got 3 sessions for ...
