2025-02-05 20:50:34.676 [info] Using settings sync service https://vscode-sync.trafficmanager.net/
2025-02-05 20:50:34.676 [info] Auto Sync is enabled.
2025-02-05 20:50:34.676 [info] Auto Sync: Suspended until auth token is available.
2025-02-05 20:50:41.962 [info] Auto Sync: Triggered by Interval
2025-02-05 20:50:41.962 [info] Sync started.
2025-02-05 20:50:42.336 [info] Settings: No changes found during synchronizing settings.
2025-02-05 20:50:42.367 [info] Keybindings: No changes found during synchronizing keybindings.
2025-02-05 20:50:42.370 [info] Snippets: No changes found during synchronizing snippets.
2025-02-05 20:50:42.372 [info] Tasks: No changes found during synchronizing tasks.
2025-02-05 20:50:42.378 [info] GlobalState: No changes found during synchronizing ui state.
2025-02-05 20:50:42.417 [info] Extensions: No changes found during synchronizing extensions.
2025-02-05 20:50:42.420 [info] Profiles: No changes found during synchronizing profiles.
2025-02-05 20:50:42.423 [info] Sync done. Took 461ms
2025-02-05 20:51:01.764 [info] Auto Sync: Triggered by Activity
2025-02-05 20:51:01.764 [info] Sync started.
2025-02-05 20:51:01.827 [info] Settings: No changes found during synchronizing settings.
2025-02-05 20:51:01.829 [info] Keybindings: No changes found during synchronizing keybindings.
2025-02-05 20:51:01.831 [info] Snippets: No changes found during synchronizing snippets.
2025-02-05 20:51:01.833 [info] Tasks: No changes found during synchronizing tasks.
2025-02-05 20:51:01.835 [info] GlobalState: No changes found during synchronizing ui state.
2025-02-05 20:51:01.865 [info] Extensions: No changes found during synchronizing extensions.
2025-02-05 20:51:01.866 [info] Profiles: No changes found during synchronizing profiles.
2025-02-05 20:51:01.867 [info] Sync done. Took 104ms
2025-02-05 20:54:18.608 [info] Auto Sync: Triggered by Activity
2025-02-05 20:54:18.608 [info] Sync started.
2025-02-05 20:54:18.814 [info] Settings: No changes found during synchronizing settings.
2025-02-05 20:54:18.818 [info] Keybindings: No changes found during synchronizing keybindings.
2025-02-05 20:54:18.820 [info] Snippets: No changes found during synchronizing snippets.
2025-02-05 20:54:18.822 [info] Tasks: No changes found during synchronizing tasks.
2025-02-05 20:54:18.824 [info] GlobalState: No changes found during synchronizing ui state.
2025-02-05 20:54:18.875 [info] Extensions: No changes found during synchronizing extensions.
2025-02-05 20:54:18.876 [info] Profiles: No changes found during synchronizing profiles.
2025-02-05 20:54:18.877 [info] Sync done. Took 271ms
2025-02-05 20:54:41.462 [info] Auto Sync: Triggered by Activity
2025-02-05 20:54:41.462 [info] Sync started.
2025-02-05 20:54:41.517 [info] Settings: No changes found during synchronizing settings.
2025-02-05 20:54:41.518 [info] Keybindings: No changes found during synchronizing keybindings.
2025-02-05 20:54:41.520 [info] Snippets: No changes found during synchronizing snippets.
2025-02-05 20:54:41.521 [info] Tasks: No changes found during synchronizing tasks.
2025-02-05 20:54:41.523 [info] GlobalState: No changes found during synchronizing ui state.
2025-02-05 20:54:41.551 [info] Extensions: No changes found during synchronizing extensions.
2025-02-05 20:54:41.552 [info] Profiles: No changes found during synchronizing profiles.
2025-02-05 20:54:41.553 [info] Sync done. Took 91ms
2025-02-05 20:54:53.379 [info] Auto Sync: Triggered by Activity
2025-02-05 20:54:53.379 [info] Sync started.
2025-02-05 20:54:53.455 [info] Settings: No changes found during synchronizing settings.
2025-02-05 20:54:53.458 [info] Keybindings: No changes found during synchronizing keybindings.
2025-02-05 20:54:53.459 [info] Snippets: No changes found during synchronizing snippets.
2025-02-05 20:54:53.460 [info] Tasks: No changes found during synchronizing tasks.
2025-02-05 20:54:53.463 [info] GlobalState: No changes found during synchronizing ui state.
2025-02-05 20:54:54.070 [info] Extensions: Updated remote extensions. Added: ["yzhang.markdown-all-in-one"].
2025-02-05 20:54:54.076 [info] Extensions: Updated last synchronized extensions.
2025-02-05 20:54:54.078 [info] Profiles: No changes found during synchronizing profiles.
2025-02-05 20:54:54.079 [info] Sync done. Took 701ms
