2025-02-05 18:19:23.426 [info] Reading sessions from keychain...
2025-02-05 18:19:23.426 [info] Getting sessions for all scopes...
2025-02-05 18:19:23.426 [info] Getting sessions for all scopes...
2025-02-05 18:19:23.426 [info] Getting sessions for all scopes...
2025-02-05 18:19:23.426 [info] Getting sessions for all scopes...
2025-02-05 18:19:23.426 [info] Getting sessions for all scopes...
2025-02-05 18:19:23.426 [info] Getting sessions for all scopes...
2025-02-05 18:19:23.426 [info] Getting sessions for all scopes...
2025-02-05 18:19:23.426 [info] Getting sessions for all scopes...
2025-02-05 18:19:23.443 [info] Got stored sessions!
2025-02-05 18:19:23.443 [info] Got 3 verified sessions.
2025-02-05 18:19:23.443 [info] Got 3 sessions for ...
2025-02-05 18:19:23.443 [info] Got 3 sessions for ...
2025-02-05 18:19:23.443 [info] Got 3 sessions for ...
2025-02-05 18:19:23.443 [info] Got 3 sessions for ...
2025-02-05 18:19:23.443 [info] Got 3 sessions for ...
2025-02-05 18:19:23.443 [info] Got 3 sessions for ...
2025-02-05 18:19:23.443 [info] Got 3 sessions for ...
2025-02-05 18:19:23.443 [info] Got 3 sessions for ...
2025-02-05 18:19:25.024 [info] Getting sessions for all scopes...
2025-02-05 18:19:25.024 [info] Got 3 sessions for ...
