2025-02-05 18:19:56.826 [info] Reading sessions from keychain...
2025-02-05 18:19:56.826 [info] Getting sessions for all scopes...
2025-02-05 18:19:56.826 [info] Getting sessions for all scopes...
2025-02-05 18:19:56.826 [info] Getting sessions for all scopes...
2025-02-05 18:19:56.872 [info] Getting sessions for all scopes...
2025-02-05 18:19:56.872 [info] Getting sessions for all scopes...
2025-02-05 18:19:56.872 [info] Getting sessions for all scopes...
2025-02-05 18:19:56.872 [info] Getting sessions for all scopes...
2025-02-05 18:19:56.872 [info] Getting sessions for all scopes...
2025-02-05 18:19:56.920 [info] Got stored sessions!
2025-02-05 18:19:56.920 [info] Got 3 verified sessions.
2025-02-05 18:19:56.920 [info] Got 3 sessions for ...
2025-02-05 18:19:56.920 [info] Got 3 sessions for ...
2025-02-05 18:19:56.920 [info] Got 3 sessions for ...
2025-02-05 18:19:56.920 [info] Got 3 sessions for ...
2025-02-05 18:19:56.920 [info] Got 3 sessions for ...
2025-02-05 18:19:56.920 [info] Got 3 sessions for ...
2025-02-05 18:19:56.920 [info] Got 3 sessions for ...
2025-02-05 18:19:56.920 [info] Got 3 sessions for ...
2025-02-05 18:19:58.394 [info] Getting sessions for all scopes...
2025-02-05 18:19:58.394 [info] Got 3 sessions for ...
2025-02-05 18:20:08.082 [info] Getting sessions for read:user,repo,user:email,workflow...
2025-02-05 18:20:08.083 [info] Got 0 sessions for read:user,repo,user:email,workflow...
2025-02-05 18:20:08.083 [info] Getting sessions for all scopes...
2025-02-05 18:20:08.083 [info] Got 3 sessions for ...
2025-02-05 18:20:08.083 [info] Getting sessions for all scopes...
2025-02-05 18:20:08.083 [info] Got 3 sessions for ...
2025-02-05 18:20:08.192 [info] Getting sessions for read:user...
2025-02-05 18:20:08.192 [info] Got 0 sessions for read:user...
2025-02-05 18:20:08.193 [info] Getting sessions for read:user,repo,user:email,workflow...
2025-02-05 18:20:08.193 [info] Got 0 sessions for read:user,repo,user:email,workflow...
2025-02-05 18:20:08.195 [info] Getting sessions for user:email...
2025-02-05 18:20:08.195 [info] Got 1 sessions for user:email...
2025-02-05 18:20:08.195 [info] Getting sessions for user:email...
2025-02-05 18:20:08.195 [info] Got 1 sessions for user:email...
2025-02-05 18:20:08.217 [info] Getting sessions for all scopes...
2025-02-05 18:20:08.217 [info] Got 3 sessions for ...
2025-02-05 18:20:08.218 [info] Getting sessions for read:user,repo,user:email,workflow...
2025-02-05 18:20:08.218 [info] Got 0 sessions for read:user,repo,user:email,workflow...
2025-02-05 18:20:08.219 [info] Getting sessions for user:email...
2025-02-05 18:20:08.219 [info] Got 1 sessions for user:email...
2025-02-05 18:20:08.221 [info] Getting sessions for all scopes...
2025-02-05 18:20:08.221 [info] Got 3 sessions for ...
2025-02-05 18:20:08.221 [info] Getting sessions for read:user,repo,user:email,workflow...
2025-02-05 18:20:08.221 [info] Got 0 sessions for read:user,repo,user:email,workflow...
2025-02-05 18:20:08.222 [info] Getting sessions for user:email...
2025-02-05 18:20:08.222 [info] Got 1 sessions for user:email...
2025-02-05 18:20:09.397 [info] Getting sessions for all scopes...
2025-02-05 18:20:09.397 [info] Got 3 sessions for ...
2025-02-05 18:20:09.464 [info] Getting sessions for all scopes...
2025-02-05 18:20:09.464 [info] Got 3 sessions for ...
2025-02-05 18:20:09.464 [info] Getting sessions for read:user,repo,user:email,workflow...
2025-02-05 18:20:09.464 [info] Got 0 sessions for read:user,repo,user:email,workflow...
2025-02-05 18:20:09.465 [info] Getting sessions for user:email...
2025-02-05 18:20:09.465 [info] Got 1 sessions for user:email...
2025-02-05 18:20:09.466 [info] Getting sessions for all scopes...
2025-02-05 18:20:09.466 [info] Got 3 sessions for ...
2025-02-05 18:20:09.467 [info] Getting sessions for read:user,repo,user:email,workflow...
2025-02-05 18:20:09.467 [info] Got 0 sessions for read:user,repo,user:email,workflow...
2025-02-05 18:20:09.468 [info] Getting sessions for user:email...
2025-02-05 18:20:09.468 [info] Got 1 sessions for user:email...
2025-02-05 18:20:53.267 [info] Reading sessions from keychain...
2025-02-05 18:20:53.267 [info] Getting sessions for all scopes...
2025-02-05 18:20:53.267 [info] Getting sessions for all scopes...
2025-02-05 18:20:53.267 [info] Getting sessions for all scopes...
2025-02-05 18:20:53.267 [info] Getting sessions for all scopes...
2025-02-05 18:20:53.267 [info] Getting sessions for all scopes...
2025-02-05 18:20:53.267 [info] Getting sessions for all scopes...
2025-02-05 18:20:53.267 [info] Getting sessions for all scopes...
2025-02-05 18:20:53.267 [info] Got stored sessions!
2025-02-05 18:20:53.267 [info] Got 3 verified sessions.
2025-02-05 18:20:53.267 [info] Got 3 sessions for ...
2025-02-05 18:20:53.267 [info] Got 3 sessions for ...
2025-02-05 18:20:53.267 [info] Got 3 sessions for ...
2025-02-05 18:20:53.267 [info] Got 3 sessions for ...
2025-02-05 18:20:53.267 [info] Got 3 sessions for ...
2025-02-05 18:20:53.267 [info] Got 3 sessions for ...
2025-02-05 18:20:53.267 [info] Got 3 sessions for ...
2025-02-05 18:20:55.195 [info] Getting sessions for all scopes...
2025-02-05 18:20:55.195 [info] Got 3 sessions for ...
2025-02-05 18:20:56.388 [info] Getting sessions for read:user,repo,user:email,workflow...
2025-02-05 18:20:56.388 [info] Got 0 sessions for read:user,repo,user:email,workflow...
2025-02-05 18:20:56.388 [info] Getting sessions for all scopes...
2025-02-05 18:20:56.388 [info] Got 3 sessions for ...
2025-02-05 18:20:56.389 [info] Getting sessions for all scopes...
2025-02-05 18:20:56.389 [info] Got 3 sessions for ...
2025-02-05 18:20:56.432 [info] Getting sessions for read:user...
2025-02-05 18:20:56.432 [info] Got 0 sessions for read:user...
2025-02-05 18:20:56.480 [info] Getting sessions for read:user,repo,user:email,workflow...
2025-02-05 18:20:56.480 [info] Got 0 sessions for read:user,repo,user:email,workflow...
2025-02-05 18:20:56.584 [info] Getting sessions for user:email...
2025-02-05 18:20:56.584 [info] Got 1 sessions for user:email...
2025-02-05 18:20:56.618 [info] Getting sessions for user:email...
2025-02-05 18:20:56.618 [info] Got 1 sessions for user:email...
2025-02-05 18:20:56.762 [info] Getting sessions for all scopes...
2025-02-05 18:20:56.762 [info] Got 3 sessions for ...
2025-02-05 18:20:56.801 [info] Getting sessions for read:user,repo,user:email,workflow...
2025-02-05 18:20:56.801 [info] Got 0 sessions for read:user,repo,user:email,workflow...
2025-02-05 18:20:58.054 [info] Getting sessions for user:email...
2025-02-05 18:20:58.054 [info] Got 1 sessions for user:email...
2025-02-05 18:20:59.326 [info] Getting sessions for read:user,repo,user:email,workflow...
2025-02-05 18:20:59.326 [info] Got 0 sessions for read:user,repo,user:email,workflow...
2025-02-05 18:20:59.369 [info] Getting sessions for all scopes...
2025-02-05 18:20:59.369 [info] Got 3 sessions for ...
2025-02-05 18:20:59.489 [info] Getting sessions for read:user,repo,user:email,workflow...
2025-02-05 18:20:59.489 [info] Got 0 sessions for read:user,repo,user:email,workflow...
2025-02-05 18:20:59.545 [info] Getting sessions for all scopes...
2025-02-05 18:20:59.545 [info] Got 3 sessions for ...
2025-02-05 18:20:59.579 [info] Getting sessions for all scopes...
2025-02-05 18:20:59.579 [info] Got 3 sessions for ...
2025-02-05 18:20:59.633 [info] Getting sessions for user:email...
2025-02-05 18:20:59.633 [info] Got 1 sessions for user:email...
2025-02-05 18:20:59.721 [info] Getting sessions for read:user,repo,user:email,workflow...
2025-02-05 18:20:59.721 [info] Got 0 sessions for read:user,repo,user:email,workflow...
2025-02-05 18:20:59.821 [info] Getting sessions for all scopes...
2025-02-05 18:20:59.821 [info] Got 3 sessions for ...
2025-02-05 18:20:59.929 [info] Getting sessions for read:user,repo,user:email,workflow...
2025-02-05 18:20:59.929 [info] Got 0 sessions for read:user,repo,user:email,workflow...
2025-02-05 18:20:59.949 [info] Getting sessions for user:email...
2025-02-05 18:20:59.949 [info] Got 1 sessions for user:email...
2025-02-05 18:21:58.268 [info] Getting sessions for read:user,repo,user:email,workflow...
2025-02-05 18:21:58.268 [info] Got 0 sessions for read:user,repo,user:email,workflow...
2025-02-05 18:21:58.654 [info] Getting sessions for all scopes...
2025-02-05 18:21:58.654 [info] Got 3 sessions for ...
2025-02-05 18:21:58.657 [info] Getting sessions for read:user,repo,user:email,workflow...
2025-02-05 18:21:58.657 [info] Got 0 sessions for read:user,repo,user:email,workflow...
2025-02-05 18:21:58.684 [info] Getting sessions for all scopes...
2025-02-05 18:21:58.684 [info] Got 3 sessions for ...
2025-02-05 18:21:58.688 [info] Getting sessions for read:user,repo,user:email,workflow...
2025-02-05 18:21:58.688 [info] Got 0 sessions for read:user,repo,user:email,workflow...
2025-02-05 18:21:58.705 [info] Getting sessions for user:email...
2025-02-05 18:21:58.706 [info] Got 1 sessions for user:email...
2025-02-05 18:22:33.048 [info] Getting sessions for read:user,repo,user:email,workflow...
2025-02-05 18:22:33.049 [info] Got 0 sessions for read:user,repo,user:email,workflow...
2025-02-05 18:22:33.468 [info] Getting sessions for all scopes...
2025-02-05 18:22:33.468 [info] Got 3 sessions for ...
2025-02-05 18:22:33.507 [info] Getting sessions for read:user,repo,user:email,workflow...
2025-02-05 18:22:33.507 [info] Got 0 sessions for read:user,repo,user:email,workflow...
2025-02-05 18:22:33.509 [info] Getting sessions for all scopes...
2025-02-05 18:22:33.509 [info] Got 3 sessions for ...
2025-02-05 18:22:33.509 [info] Getting sessions for read:user,repo,user:email,workflow...
2025-02-05 18:22:33.509 [info] Got 0 sessions for read:user,repo,user:email,workflow...
2025-02-05 18:22:33.510 [info] Getting sessions for user:email...
2025-02-05 18:22:33.510 [info] Got 1 sessions for user:email...
2025-02-05 18:36:00.281 [info] Getting sessions for all scopes...
2025-02-05 18:36:00.281 [info] Got 3 sessions for ...
2025-02-05 18:36:00.281 [info] Getting sessions for read:user,repo,user:email,workflow...
2025-02-05 18:36:00.281 [info] Got 0 sessions for read:user,repo,user:email,workflow...
2025-02-05 18:36:00.303 [info] Getting sessions for user:email...
2025-02-05 18:36:00.303 [info] Got 1 sessions for user:email...
2025-02-05 18:36:00.304 [info] Getting sessions for all scopes...
2025-02-05 18:36:00.304 [info] Got 3 sessions for ...
2025-02-05 18:36:00.304 [info] Getting sessions for read:user,repo,user:email,workflow...
2025-02-05 18:36:00.304 [info] Got 0 sessions for read:user,repo,user:email,workflow...
2025-02-05 18:36:00.305 [info] Getting sessions for user:email...
2025-02-05 18:36:00.305 [info] Got 1 sessions for user:email...
2025-02-05 18:51:00.884 [info] Getting sessions for all scopes...
2025-02-05 18:51:00.884 [info] Got 3 sessions for ...
2025-02-05 18:51:00.885 [info] Getting sessions for read:user,repo,user:email,workflow...
2025-02-05 18:51:00.885 [info] Got 0 sessions for read:user,repo,user:email,workflow...
2025-02-05 18:51:00.886 [info] Getting sessions for user:email...
2025-02-05 18:51:00.886 [info] Got 1 sessions for user:email...
2025-02-05 18:51:00.887 [info] Getting sessions for all scopes...
2025-02-05 18:51:00.887 [info] Got 3 sessions for ...
2025-02-05 18:51:00.887 [info] Getting sessions for read:user,repo,user:email,workflow...
2025-02-05 18:51:00.887 [info] Got 0 sessions for read:user,repo,user:email,workflow...
2025-02-05 18:51:00.888 [info] Getting sessions for user:email...
2025-02-05 18:51:00.888 [info] Got 1 sessions for user:email...
2025-02-05 19:06:01.462 [info] Getting sessions for all scopes...
2025-02-05 19:06:01.463 [info] Got 3 sessions for ...
2025-02-05 19:06:01.463 [info] Getting sessions for read:user,repo,user:email,workflow...
2025-02-05 19:06:01.463 [info] Got 0 sessions for read:user,repo,user:email,workflow...
2025-02-05 19:06:01.463 [info] Getting sessions for user:email...
2025-02-05 19:06:01.463 [info] Got 1 sessions for user:email...
2025-02-05 19:06:01.464 [info] Getting sessions for all scopes...
2025-02-05 19:06:01.464 [info] Got 3 sessions for ...
2025-02-05 19:06:01.464 [info] Getting sessions for read:user,repo,user:email,workflow...
2025-02-05 19:06:01.464 [info] Got 0 sessions for read:user,repo,user:email,workflow...
2025-02-05 19:06:01.465 [info] Getting sessions for user:email...
2025-02-05 19:06:01.465 [info] Got 1 sessions for user:email...
2025-02-05 19:21:02.025 [info] Getting sessions for all scopes...
2025-02-05 19:21:02.025 [info] Got 3 sessions for ...
2025-02-05 19:21:02.025 [info] Getting sessions for read:user,repo,user:email,workflow...
2025-02-05 19:21:02.025 [info] Got 0 sessions for read:user,repo,user:email,workflow...
2025-02-05 19:21:02.026 [info] Getting sessions for user:email...
2025-02-05 19:21:02.026 [info] Got 1 sessions for user:email...
2025-02-05 19:21:02.026 [info] Getting sessions for all scopes...
2025-02-05 19:21:02.026 [info] Got 3 sessions for ...
2025-02-05 19:21:02.027 [info] Getting sessions for read:user,repo,user:email,workflow...
2025-02-05 19:21:02.027 [info] Got 0 sessions for read:user,repo,user:email,workflow...
2025-02-05 19:21:02.027 [info] Getting sessions for user:email...
2025-02-05 19:21:02.027 [info] Got 1 sessions for user:email...
2025-02-05 19:36:02.644 [info] Getting sessions for all scopes...
2025-02-05 19:36:02.645 [info] Got 3 sessions for ...
2025-02-05 19:36:02.646 [info] Getting sessions for read:user,repo,user:email,workflow...
2025-02-05 19:36:02.646 [info] Got 0 sessions for read:user,repo,user:email,workflow...
2025-02-05 19:36:02.647 [info] Getting sessions for user:email...
2025-02-05 19:36:02.647 [info] Got 1 sessions for user:email...
2025-02-05 19:36:02.652 [info] Getting sessions for all scopes...
2025-02-05 19:36:02.652 [info] Got 3 sessions for ...
2025-02-05 19:36:02.656 [info] Getting sessions for read:user,repo,user:email,workflow...
2025-02-05 19:36:02.656 [info] Got 0 sessions for read:user,repo,user:email,workflow...
2025-02-05 19:36:02.657 [info] Getting sessions for user:email...
2025-02-05 19:36:02.657 [info] Got 1 sessions for user:email...
2025-02-05 19:51:03.214 [info] Getting sessions for all scopes...
2025-02-05 19:51:03.214 [info] Got 3 sessions for ...
2025-02-05 19:51:03.215 [info] Getting sessions for read:user,repo,user:email,workflow...
2025-02-05 19:51:03.215 [info] Got 0 sessions for read:user,repo,user:email,workflow...
2025-02-05 19:51:03.216 [info] Getting sessions for user:email...
2025-02-05 19:51:03.216 [info] Got 1 sessions for user:email...
2025-02-05 19:51:03.217 [info] Getting sessions for all scopes...
2025-02-05 19:51:03.217 [info] Got 3 sessions for ...
2025-02-05 19:51:03.218 [info] Getting sessions for read:user,repo,user:email,workflow...
2025-02-05 19:51:03.218 [info] Got 0 sessions for read:user,repo,user:email,workflow...
2025-02-05 19:51:03.218 [info] Getting sessions for user:email...
2025-02-05 19:51:03.218 [info] Got 1 sessions for user:email...
2025-02-05 20:06:03.868 [info] Getting sessions for all scopes...
2025-02-05 20:06:03.868 [info] Got 3 sessions for ...
2025-02-05 20:06:03.870 [info] Getting sessions for read:user,repo,user:email,workflow...
2025-02-05 20:06:03.870 [info] Got 0 sessions for read:user,repo,user:email,workflow...
2025-02-05 20:06:03.872 [info] Getting sessions for user:email...
2025-02-05 20:06:03.872 [info] Got 1 sessions for user:email...
2025-02-05 20:06:03.874 [info] Getting sessions for all scopes...
2025-02-05 20:06:03.874 [info] Got 3 sessions for ...
2025-02-05 20:06:03.875 [info] Getting sessions for read:user,repo,user:email,workflow...
2025-02-05 20:06:03.875 [info] Got 0 sessions for read:user,repo,user:email,workflow...
2025-02-05 20:06:03.878 [info] Getting sessions for user:email...
2025-02-05 20:06:03.879 [info] Got 1 sessions for user:email...
