2025-02-05 02:23:32.863 [info] Extension host with pid 4933 started
2025-02-05 02:23:32.950 [info] ExtensionService#_doActivateExtension vscode.github-authentication, startup: false, activationEvent: 'onAuthenticationRequest:github'
2025-02-05 02:23:32.951 [info] ExtensionService#_doActivateExtension vscode.emmet, startup: false, activationEvent: 'onLanguage'
2025-02-05 02:23:32.952 [info] ExtensionService#_doActivateExtension vscode.extension-editing, startup: false, activationEvent: 'onLanguage:markdown'
2025-02-05 02:23:32.952 [info] ExtensionService#_doActivateExtension vscode.markdown-language-features, startup: false, activationEvent: 'onLanguage:markdown'
2025-02-05 02:23:32.953 [info] ExtensionService#_doActivateExtension DavidAnson.vscode-markdownlint, startup: false, activationEvent: 'onLanguage:markdown'
2025-02-05 02:23:33.578 [info] ExtensionService#_doActivateExtension vscode.microsoft-authentication, startup: false, activationEvent: 'onAuthenticationRequest:microsoft'
2025-02-05 02:23:33.611 [info] ExtensionService#_doActivateExtension vscode.git-base, startup: true, activationEvent: '*'
2025-02-05 02:23:33.668 [info] ExtensionService#_doActivateExtension vscode.markdown-math, startup: false, activationEvent: 'api', root cause: vscode.markdown-language-features
2025-02-05 02:23:33.743 [info] ExtensionService#_doActivateExtension vscode.github, startup: true, activationEvent: '*'
2025-02-05 02:23:33.828 [info] Eager extensions activated
2025-02-05 02:23:33.864 [info] ExtensionService#_doActivateExtension vscode.debug-auto-launch, startup: false, activationEvent: 'onStartupFinished'
2025-02-05 02:23:33.864 [info] ExtensionService#_doActivateExtension vscode.merge-conflict, startup: false, activationEvent: 'onStartupFinished'
2025-02-05 02:23:33.865 [info] ExtensionService#_doActivateExtension ms-vscode-remote.remote-containers, startup: false, activationEvent: 'onStartupFinished'
2025-02-05 02:23:33.865 [info] ExtensionService#_doActivateExtension PKief.material-icon-theme, startup: false, activationEvent: 'onStartupFinished'
2025-02-05 02:23:36.351 [info] ExtensionService#_doActivateExtension vscode.configuration-editing, startup: false, activationEvent: 'onLanguage:jsonc'
2025-02-05 02:23:36.351 [info] ExtensionService#_doActivateExtension vscode.json-language-features, startup: false, activationEvent: 'onLanguage:jsonc'
2025-02-05 02:23:36.351 [info] ExtensionService#_doActivateExtension vscode.typescript-language-features, startup: false, activationEvent: 'onLanguage:jsonc'
2025-02-05 02:23:39.426 [info] Extension host terminating: renderer closed the MessagePort
2025-02-05 02:23:39.450 [info] Extension host with pid 4933 exiting with code 0
