2025-02-05 21:03:20.525 [info] Using settings sync service https://vscode-sync.trafficmanager.net/
2025-02-05 21:03:20.525 [info] Auto Sync is enabled.
2025-02-05 21:03:20.525 [info] Auto Sync: Suspended until auth token is available.
2025-02-05 21:03:37.736 [info] Auto Sync: Triggered by Interval
2025-02-05 21:03:37.736 [info] Sync started.
2025-02-05 21:03:38.115 [info] Settings: No changes found during synchronizing settings.
2025-02-05 21:03:38.122 [info] Keybindings: No changes found during synchronizing keybindings.
2025-02-05 21:03:38.125 [info] Snippets: No changes found during synchronizing snippets.
2025-02-05 21:03:38.128 [info] Tasks: No changes found during synchronizing tasks.
2025-02-05 21:03:38.898 [info] GlobalState: Updated remote ui state. Added: commandPalette.mru.cache,commandPalette.mru.counter.
2025-02-05 21:03:38.904 [info] GlobalState: Updated last synchronized ui state
2025-02-05 21:03:39.504 [info] Extensions: Updated remote extensions. Added: ["davidanson.vscode-markdownlint","shd101wyy.markdown-preview-enhanced"]. Removed: ["yzhang.markdown-all-in-one"].
2025-02-05 21:03:39.510 [info] Extensions: Updated last synchronized extensions.
2025-02-05 21:03:39.512 [info] Profiles: No changes found during synchronizing profiles.
2025-02-05 21:03:39.513 [info] Sync done. Took 1779ms
2025-02-05 21:03:49.113 [info] Auto Sync: Triggered by Activity
2025-02-05 21:03:49.114 [info] Sync started.
2025-02-05 21:03:49.701 [info] Settings: Updated remote settings
2025-02-05 21:03:49.708 [info] Settings: Updated last synchronized settings
2025-02-05 21:03:49.711 [info] Keybindings: No changes found during synchronizing keybindings.
2025-02-05 21:03:49.713 [info] Snippets: No changes found during synchronizing snippets.
2025-02-05 21:03:49.715 [info] Tasks: No changes found during synchronizing tasks.
2025-02-05 21:03:49.718 [info] GlobalState: No changes found during synchronizing ui state.
2025-02-05 21:03:49.758 [info] Extensions: No changes found during synchronizing extensions.
2025-02-05 21:03:49.761 [info] Profiles: No changes found during synchronizing profiles.
2025-02-05 21:03:49.763 [info] Sync done. Took 649ms
2025-02-05 21:03:53.300 [info] Auto Sync: Triggered by Activity
2025-02-05 21:03:53.300 [info] Sync started.
2025-02-05 21:03:53.930 [info] Settings: Updated remote settings
2025-02-05 21:03:53.937 [info] Settings: Updated last synchronized settings
2025-02-05 21:03:53.939 [info] Keybindings: No changes found during synchronizing keybindings.
2025-02-05 21:03:53.941 [info] Snippets: No changes found during synchronizing snippets.
2025-02-05 21:03:53.943 [info] Tasks: No changes found during synchronizing tasks.
2025-02-05 21:03:53.945 [info] GlobalState: No changes found during synchronizing ui state.
2025-02-05 21:03:54.009 [info] Extensions: No changes found during synchronizing extensions.
2025-02-05 21:03:54.010 [info] Profiles: No changes found during synchronizing profiles.
2025-02-05 21:03:54.012 [info] Sync done. Took 713ms
2025-02-05 21:05:53.675 [info] Auto Sync: Triggered by Activity
2025-02-05 21:05:53.675 [info] Sync started.
2025-02-05 21:05:53.733 [info] Settings: No changes found during synchronizing settings.
2025-02-05 21:05:53.737 [info] Keybindings: No changes found during synchronizing keybindings.
2025-02-05 21:05:53.738 [info] Snippets: No changes found during synchronizing snippets.
2025-02-05 21:05:53.740 [info] Tasks: No changes found during synchronizing tasks.
2025-02-05 21:05:53.742 [info] GlobalState: No changes found during synchronizing ui state.
2025-02-05 21:05:53.776 [info] Extensions: No changes found during synchronizing extensions.
2025-02-05 21:05:53.777 [info] Profiles: No changes found during synchronizing profiles.
2025-02-05 21:05:53.778 [info] Sync done. Took 103ms
2025-02-05 21:06:10.409 [info] Auto Sync: Triggered by Activity
2025-02-05 21:06:10.409 [info] Sync started.
2025-02-05 21:06:11.038 [info] Settings: Updated remote settings
2025-02-05 21:06:11.045 [info] Settings: Updated last synchronized settings
2025-02-05 21:06:11.047 [info] Keybindings: No changes found during synchronizing keybindings.
2025-02-05 21:06:11.048 [info] Snippets: No changes found during synchronizing snippets.
2025-02-05 21:06:11.050 [info] Tasks: No changes found during synchronizing tasks.
2025-02-05 21:06:11.052 [info] GlobalState: No changes found during synchronizing ui state.
2025-02-05 21:06:11.086 [info] Extensions: No changes found during synchronizing extensions.
2025-02-05 21:06:11.086 [info] Profiles: No changes found during synchronizing profiles.
2025-02-05 21:06:11.087 [info] Sync done. Took 679ms
2025-02-05 21:06:26.212 [info] Auto Sync: Triggered by Activity
2025-02-05 21:06:26.212 [info] Sync started.
2025-02-05 21:06:26.267 [info] Settings: No changes found during synchronizing settings.
2025-02-05 21:06:26.269 [info] Keybindings: No changes found during synchronizing keybindings.
2025-02-05 21:06:26.270 [info] Snippets: No changes found during synchronizing snippets.
2025-02-05 21:06:26.271 [info] Tasks: No changes found during synchronizing tasks.
2025-02-05 21:06:26.273 [info] GlobalState: No changes found during synchronizing ui state.
2025-02-05 21:06:26.303 [info] Extensions: No changes found during synchronizing extensions.
2025-02-05 21:06:26.303 [info] Profiles: No changes found during synchronizing profiles.
2025-02-05 21:06:26.304 [info] Sync done. Took 93ms
2025-02-05 21:06:58.281 [info] Auto Sync: Triggered by Activity
2025-02-05 21:06:58.281 [info] Sync started.
2025-02-05 21:06:58.337 [info] Settings: No changes found during synchronizing settings.
2025-02-05 21:06:58.339 [info] Keybindings: No changes found during synchronizing keybindings.
2025-02-05 21:06:58.341 [info] Snippets: No changes found during synchronizing snippets.
2025-02-05 21:06:58.342 [info] Tasks: No changes found during synchronizing tasks.
2025-02-05 21:06:58.344 [info] GlobalState: No changes found during synchronizing ui state.
2025-02-05 21:06:58.377 [info] Extensions: No changes found during synchronizing extensions.
2025-02-05 21:06:58.379 [info] Profiles: No changes found during synchronizing profiles.
2025-02-05 21:06:58.380 [info] Sync done. Took 100ms
2025-02-05 21:07:53.617 [info] Auto Sync: Triggered by Activity
2025-02-05 21:07:53.617 [info] Sync started.
2025-02-05 21:07:53.679 [info] Settings: No changes found during synchronizing settings.
2025-02-05 21:07:53.681 [info] Keybindings: No changes found during synchronizing keybindings.
2025-02-05 21:07:53.683 [info] Snippets: No changes found during synchronizing snippets.
2025-02-05 21:07:53.685 [info] Tasks: No changes found during synchronizing tasks.
2025-02-05 21:07:53.687 [info] GlobalState: No changes found during synchronizing ui state.
2025-02-05 21:07:53.724 [info] Extensions: No changes found during synchronizing extensions.
2025-02-05 21:07:53.725 [info] Profiles: No changes found during synchronizing profiles.
2025-02-05 21:07:53.726 [info] Sync done. Took 109ms
