2025-02-05 20:50:35.456 [info] Reading sessions from keychain...
2025-02-05 20:50:35.456 [info] Getting sessions for all scopes...
2025-02-05 20:50:35.456 [info] Getting sessions for all scopes...
2025-02-05 20:50:35.456 [info] Getting sessions for all scopes...
2025-02-05 20:50:35.456 [info] Getting sessions for all scopes...
2025-02-05 20:50:35.456 [info] Getting sessions for all scopes...
2025-02-05 20:50:35.456 [info] Getting sessions for all scopes...
2025-02-05 20:50:35.456 [info] Getting sessions for all scopes...
2025-02-05 20:50:35.456 [info] Getting sessions for all scopes...
2025-02-05 20:50:35.548 [info] Got stored sessions!
2025-02-05 20:50:35.548 [info] Got 3 verified sessions.
2025-02-05 20:50:35.548 [info] Got 3 sessions for ...
2025-02-05 20:50:35.548 [info] Got 3 sessions for ...
2025-02-05 20:50:35.548 [info] Got 3 sessions for ...
2025-02-05 20:50:35.548 [info] Got 3 sessions for ...
2025-02-05 20:50:35.548 [info] Got 3 sessions for ...
2025-02-05 20:50:35.548 [info] Got 3 sessions for ...
2025-02-05 20:50:35.548 [info] Got 3 sessions for ...
2025-02-05 20:50:35.548 [info] Got 3 sessions for ...
2025-02-05 20:50:37.112 [info] Getting sessions for all scopes...
2025-02-05 20:50:37.112 [info] Got 3 sessions for ...
2025-02-05 20:50:38.372 [info] Getting sessions for read:user,repo,user:email,workflow...
2025-02-05 20:50:38.372 [info] Got 0 sessions for read:user,repo,user:email,workflow...
2025-02-05 20:50:38.372 [info] Getting sessions for all scopes...
2025-02-05 20:50:38.372 [info] Got 3 sessions for ...
2025-02-05 20:50:38.373 [info] Getting sessions for all scopes...
2025-02-05 20:50:38.373 [info] Got 3 sessions for ...
2025-02-05 20:50:38.440 [info] Getting sessions for read:user...
2025-02-05 20:50:38.440 [info] Got 0 sessions for read:user...
2025-02-05 20:50:38.441 [info] Getting sessions for read:user,repo,user:email,workflow...
2025-02-05 20:50:38.441 [info] Got 0 sessions for read:user,repo,user:email,workflow...
2025-02-05 20:50:38.559 [info] Getting sessions for user:email...
2025-02-05 20:50:38.559 [info] Got 1 sessions for user:email...
2025-02-05 20:50:38.559 [info] Getting sessions for user:email...
2025-02-05 20:50:38.559 [info] Got 1 sessions for user:email...
2025-02-05 20:50:38.591 [info] Getting sessions for all scopes...
2025-02-05 20:50:38.591 [info] Got 3 sessions for ...
2025-02-05 20:50:38.731 [info] Getting sessions for read:user,repo,user:email,workflow...
2025-02-05 20:50:38.731 [info] Got 0 sessions for read:user,repo,user:email,workflow...
2025-02-05 20:50:38.943 [info] Getting sessions for user:email...
2025-02-05 20:50:38.943 [info] Got 1 sessions for user:email...
2025-02-05 20:50:38.971 [info] Getting sessions for all scopes...
2025-02-05 20:50:38.971 [info] Got 3 sessions for ...
2025-02-05 20:50:39.017 [info] Getting sessions for read:user,repo,user:email,workflow...
2025-02-05 20:50:39.017 [info] Got 0 sessions for read:user,repo,user:email,workflow...
2025-02-05 20:50:39.109 [info] Getting sessions for user:email...
2025-02-05 20:50:39.109 [info] Got 1 sessions for user:email...
2025-02-05 20:50:41.373 [info] Getting sessions for read:user,repo,user:email,workflow...
2025-02-05 20:50:41.373 [info] Got 0 sessions for read:user,repo,user:email,workflow...
2025-02-05 20:50:41.614 [info] Getting sessions for all scopes...
2025-02-05 20:50:41.614 [info] Got 3 sessions for ...
2025-02-05 20:50:41.640 [info] Getting sessions for all scopes...
2025-02-05 20:50:41.640 [info] Got 3 sessions for ...
2025-02-05 20:50:41.740 [info] Getting sessions for read:user,repo,user:email,workflow...
2025-02-05 20:50:41.740 [info] Got 0 sessions for read:user,repo,user:email,workflow...
2025-02-05 20:50:41.833 [info] Getting sessions for all scopes...
2025-02-05 20:50:41.833 [info] Got 3 sessions for ...
2025-02-05 20:50:41.911 [info] Getting sessions for read:user,repo,user:email,workflow...
2025-02-05 20:50:41.911 [info] Got 0 sessions for read:user,repo,user:email,workflow...
2025-02-05 20:50:41.945 [info] Getting sessions for user:email...
2025-02-05 20:50:41.945 [info] Got 1 sessions for user:email...
